[2024-02-06T22:27:10.824+0000] {processor.py:161} INFO - Started process (PID=81) to work on /opt/airflow/dags/welcome_dag.py
[2024-02-06T22:27:10.825+0000] {processor.py:830} INFO - Processing file /opt/airflow/dags/welcome_dag.py for tasks to queue
[2024-02-06T22:27:10.826+0000] {logging_mixin.py:188} INFO - [2024-02-06T22:27:10.826+0000] {dagbag.py:538} INFO - Filling up the DagBag from /opt/airflow/dags/welcome_dag.py
[2024-02-06T22:27:10.851+0000] {processor.py:840} INFO - DAG(s) 'welcome_dag' retrieved from /opt/airflow/dags/welcome_dag.py
[2024-02-06T22:27:10.865+0000] {logging_mixin.py:188} INFO - [2024-02-06T22:27:10.865+0000] {dag.py:3036} INFO - Sync 1 DAGs
[2024-02-06T22:27:10.892+0000] {logging_mixin.py:188} INFO - [2024-02-06T22:27:10.892+0000] {dag.py:3823} INFO - Setting next_dagrun for welcome_dag to 2024-02-05 23:00:00+00:00, run_after=2024-02-06 23:00:00+00:00
[2024-02-06T22:27:10.944+0000] {processor.py:183} INFO - Processing /opt/airflow/dags/welcome_dag.py took 0.123 seconds
[2024-02-06T22:27:41.156+0000] {processor.py:161} INFO - Started process (PID=103) to work on /opt/airflow/dags/welcome_dag.py
[2024-02-06T22:27:41.158+0000] {processor.py:830} INFO - Processing file /opt/airflow/dags/welcome_dag.py for tasks to queue
[2024-02-06T22:27:41.159+0000] {logging_mixin.py:188} INFO - [2024-02-06T22:27:41.159+0000] {dagbag.py:538} INFO - Filling up the DagBag from /opt/airflow/dags/welcome_dag.py
[2024-02-06T22:27:41.186+0000] {processor.py:840} INFO - DAG(s) 'welcome_dag' retrieved from /opt/airflow/dags/welcome_dag.py
[2024-02-06T22:27:41.312+0000] {logging_mixin.py:188} INFO - [2024-02-06T22:27:41.312+0000] {dag.py:3036} INFO - Sync 1 DAGs
[2024-02-06T22:27:41.336+0000] {logging_mixin.py:188} INFO - [2024-02-06T22:27:41.335+0000] {dag.py:3823} INFO - Setting next_dagrun for welcome_dag to 2024-02-05 23:00:00+00:00, run_after=2024-02-06 23:00:00+00:00
[2024-02-06T22:27:41.396+0000] {processor.py:183} INFO - Processing /opt/airflow/dags/welcome_dag.py took 0.242 seconds
[2024-02-06T22:28:12.127+0000] {processor.py:161} INFO - Started process (PID=105) to work on /opt/airflow/dags/welcome_dag.py
[2024-02-06T22:28:12.128+0000] {processor.py:830} INFO - Processing file /opt/airflow/dags/welcome_dag.py for tasks to queue
[2024-02-06T22:28:12.130+0000] {logging_mixin.py:188} INFO - [2024-02-06T22:28:12.129+0000] {dagbag.py:538} INFO - Filling up the DagBag from /opt/airflow/dags/welcome_dag.py
[2024-02-06T22:28:12.153+0000] {processor.py:840} INFO - DAG(s) 'welcome_dag' retrieved from /opt/airflow/dags/welcome_dag.py
[2024-02-06T22:28:12.176+0000] {logging_mixin.py:188} INFO - [2024-02-06T22:28:12.176+0000] {dag.py:3036} INFO - Sync 1 DAGs
[2024-02-06T22:28:12.198+0000] {logging_mixin.py:188} INFO - [2024-02-06T22:28:12.198+0000] {dag.py:3823} INFO - Setting next_dagrun for welcome_dag to 2024-02-05 23:00:00+00:00, run_after=2024-02-06 23:00:00+00:00
[2024-02-06T22:28:12.258+0000] {processor.py:183} INFO - Processing /opt/airflow/dags/welcome_dag.py took 0.133 seconds
[2024-02-06T22:28:42.515+0000] {processor.py:161} INFO - Started process (PID=106) to work on /opt/airflow/dags/welcome_dag.py
[2024-02-06T22:28:42.515+0000] {processor.py:830} INFO - Processing file /opt/airflow/dags/welcome_dag.py for tasks to queue
[2024-02-06T22:28:42.516+0000] {logging_mixin.py:188} INFO - [2024-02-06T22:28:42.516+0000] {dagbag.py:538} INFO - Filling up the DagBag from /opt/airflow/dags/welcome_dag.py
[2024-02-06T22:28:42.539+0000] {processor.py:840} INFO - DAG(s) 'welcome_dag' retrieved from /opt/airflow/dags/welcome_dag.py
[2024-02-06T22:28:42.564+0000] {logging_mixin.py:188} INFO - [2024-02-06T22:28:42.564+0000] {dag.py:3036} INFO - Sync 1 DAGs
[2024-02-06T22:28:42.585+0000] {logging_mixin.py:188} INFO - [2024-02-06T22:28:42.585+0000] {dag.py:3823} INFO - Setting next_dagrun for welcome_dag to 2024-02-05 23:00:00+00:00, run_after=2024-02-06 23:00:00+00:00
[2024-02-06T22:28:42.639+0000] {processor.py:183} INFO - Processing /opt/airflow/dags/welcome_dag.py took 0.126 seconds
[2024-02-06T22:29:13.646+0000] {processor.py:161} INFO - Started process (PID=107) to work on /opt/airflow/dags/welcome_dag.py
[2024-02-06T22:29:13.646+0000] {processor.py:830} INFO - Processing file /opt/airflow/dags/welcome_dag.py for tasks to queue
[2024-02-06T22:29:13.647+0000] {logging_mixin.py:188} INFO - [2024-02-06T22:29:13.647+0000] {dagbag.py:538} INFO - Filling up the DagBag from /opt/airflow/dags/welcome_dag.py
[2024-02-06T22:29:13.669+0000] {processor.py:840} INFO - DAG(s) 'welcome_dag' retrieved from /opt/airflow/dags/welcome_dag.py
[2024-02-06T22:29:13.695+0000] {logging_mixin.py:188} INFO - [2024-02-06T22:29:13.695+0000] {dag.py:3036} INFO - Sync 1 DAGs
[2024-02-06T22:29:13.718+0000] {logging_mixin.py:188} INFO - [2024-02-06T22:29:13.717+0000] {dag.py:3823} INFO - Setting next_dagrun for welcome_dag to 2024-02-05 23:00:00+00:00, run_after=2024-02-06 23:00:00+00:00
[2024-02-06T22:29:13.785+0000] {processor.py:183} INFO - Processing /opt/airflow/dags/welcome_dag.py took 0.141 seconds
[2024-02-06T22:29:44.031+0000] {processor.py:161} INFO - Started process (PID=108) to work on /opt/airflow/dags/welcome_dag.py
[2024-02-06T22:29:44.032+0000] {processor.py:830} INFO - Processing file /opt/airflow/dags/welcome_dag.py for tasks to queue
[2024-02-06T22:29:44.032+0000] {logging_mixin.py:188} INFO - [2024-02-06T22:29:44.032+0000] {dagbag.py:538} INFO - Filling up the DagBag from /opt/airflow/dags/welcome_dag.py
[2024-02-06T22:29:44.055+0000] {processor.py:840} INFO - DAG(s) 'welcome_dag' retrieved from /opt/airflow/dags/welcome_dag.py
[2024-02-06T22:29:44.078+0000] {logging_mixin.py:188} INFO - [2024-02-06T22:29:44.077+0000] {dag.py:3036} INFO - Sync 1 DAGs
[2024-02-06T22:29:44.100+0000] {logging_mixin.py:188} INFO - [2024-02-06T22:29:44.099+0000] {dag.py:3823} INFO - Setting next_dagrun for welcome_dag to 2024-02-05 23:00:00+00:00, run_after=2024-02-06 23:00:00+00:00
[2024-02-06T22:29:44.157+0000] {processor.py:183} INFO - Processing /opt/airflow/dags/welcome_dag.py took 0.128 seconds
[2024-02-06T22:30:14.282+0000] {processor.py:161} INFO - Started process (PID=109) to work on /opt/airflow/dags/welcome_dag.py
[2024-02-06T22:30:14.283+0000] {processor.py:830} INFO - Processing file /opt/airflow/dags/welcome_dag.py for tasks to queue
[2024-02-06T22:30:14.283+0000] {logging_mixin.py:188} INFO - [2024-02-06T22:30:14.283+0000] {dagbag.py:538} INFO - Filling up the DagBag from /opt/airflow/dags/welcome_dag.py
[2024-02-06T22:30:14.309+0000] {processor.py:840} INFO - DAG(s) 'welcome_dag' retrieved from /opt/airflow/dags/welcome_dag.py
[2024-02-06T22:30:14.333+0000] {logging_mixin.py:188} INFO - [2024-02-06T22:30:14.333+0000] {dag.py:3036} INFO - Sync 1 DAGs
[2024-02-06T22:30:14.357+0000] {logging_mixin.py:188} INFO - [2024-02-06T22:30:14.356+0000] {dag.py:3823} INFO - Setting next_dagrun for welcome_dag to 2024-02-05 23:00:00+00:00, run_after=2024-02-06 23:00:00+00:00
[2024-02-06T22:30:14.411+0000] {processor.py:183} INFO - Processing /opt/airflow/dags/welcome_dag.py took 0.132 seconds
[2024-02-06T22:30:44.520+0000] {processor.py:161} INFO - Started process (PID=111) to work on /opt/airflow/dags/welcome_dag.py
[2024-02-06T22:30:44.522+0000] {processor.py:830} INFO - Processing file /opt/airflow/dags/welcome_dag.py for tasks to queue
[2024-02-06T22:30:44.523+0000] {logging_mixin.py:188} INFO - [2024-02-06T22:30:44.523+0000] {dagbag.py:538} INFO - Filling up the DagBag from /opt/airflow/dags/welcome_dag.py
[2024-02-06T22:30:44.550+0000] {processor.py:840} INFO - DAG(s) 'welcome_dag' retrieved from /opt/airflow/dags/welcome_dag.py
[2024-02-06T22:30:44.579+0000] {logging_mixin.py:188} INFO - [2024-02-06T22:30:44.578+0000] {dag.py:3036} INFO - Sync 1 DAGs
[2024-02-06T22:30:44.604+0000] {logging_mixin.py:188} INFO - [2024-02-06T22:30:44.604+0000] {dag.py:3823} INFO - Setting next_dagrun for welcome_dag to 2024-02-05 23:00:00+00:00, run_after=2024-02-06 23:00:00+00:00
[2024-02-06T22:30:44.664+0000] {processor.py:183} INFO - Processing /opt/airflow/dags/welcome_dag.py took 0.147 seconds
[2024-02-06T22:31:14.752+0000] {processor.py:161} INFO - Started process (PID=112) to work on /opt/airflow/dags/welcome_dag.py
[2024-02-06T22:31:14.753+0000] {processor.py:830} INFO - Processing file /opt/airflow/dags/welcome_dag.py for tasks to queue
[2024-02-06T22:31:14.754+0000] {logging_mixin.py:188} INFO - [2024-02-06T22:31:14.754+0000] {dagbag.py:538} INFO - Filling up the DagBag from /opt/airflow/dags/welcome_dag.py
[2024-02-06T22:31:14.775+0000] {processor.py:840} INFO - DAG(s) 'welcome_dag' retrieved from /opt/airflow/dags/welcome_dag.py
[2024-02-06T22:31:14.798+0000] {logging_mixin.py:188} INFO - [2024-02-06T22:31:14.798+0000] {dag.py:3036} INFO - Sync 1 DAGs
[2024-02-06T22:31:14.820+0000] {logging_mixin.py:188} INFO - [2024-02-06T22:31:14.820+0000] {dag.py:3823} INFO - Setting next_dagrun for welcome_dag to 2024-02-05 23:00:00+00:00, run_after=2024-02-06 23:00:00+00:00
[2024-02-06T22:31:14.874+0000] {processor.py:183} INFO - Processing /opt/airflow/dags/welcome_dag.py took 0.124 seconds
[2024-02-06T22:31:44.987+0000] {processor.py:161} INFO - Started process (PID=113) to work on /opt/airflow/dags/welcome_dag.py
[2024-02-06T22:31:44.988+0000] {processor.py:830} INFO - Processing file /opt/airflow/dags/welcome_dag.py for tasks to queue
[2024-02-06T22:31:44.989+0000] {logging_mixin.py:188} INFO - [2024-02-06T22:31:44.989+0000] {dagbag.py:538} INFO - Filling up the DagBag from /opt/airflow/dags/welcome_dag.py
[2024-02-06T22:31:45.011+0000] {processor.py:840} INFO - DAG(s) 'welcome_dag' retrieved from /opt/airflow/dags/welcome_dag.py
[2024-02-06T22:31:45.036+0000] {logging_mixin.py:188} INFO - [2024-02-06T22:31:45.035+0000] {dag.py:3036} INFO - Sync 1 DAGs
[2024-02-06T22:31:45.057+0000] {logging_mixin.py:188} INFO - [2024-02-06T22:31:45.057+0000] {dag.py:3823} INFO - Setting next_dagrun for welcome_dag to 2024-02-05 23:00:00+00:00, run_after=2024-02-06 23:00:00+00:00
[2024-02-06T22:31:45.115+0000] {processor.py:183} INFO - Processing /opt/airflow/dags/welcome_dag.py took 0.130 seconds
[2024-02-06T22:32:15.245+0000] {processor.py:161} INFO - Started process (PID=114) to work on /opt/airflow/dags/welcome_dag.py
[2024-02-06T22:32:15.246+0000] {processor.py:830} INFO - Processing file /opt/airflow/dags/welcome_dag.py for tasks to queue
[2024-02-06T22:32:15.247+0000] {logging_mixin.py:188} INFO - [2024-02-06T22:32:15.246+0000] {dagbag.py:538} INFO - Filling up the DagBag from /opt/airflow/dags/welcome_dag.py
[2024-02-06T22:32:15.270+0000] {processor.py:840} INFO - DAG(s) 'welcome_dag' retrieved from /opt/airflow/dags/welcome_dag.py
[2024-02-06T22:32:15.294+0000] {logging_mixin.py:188} INFO - [2024-02-06T22:32:15.294+0000] {dag.py:3036} INFO - Sync 1 DAGs
[2024-02-06T22:32:15.317+0000] {logging_mixin.py:188} INFO - [2024-02-06T22:32:15.316+0000] {dag.py:3823} INFO - Setting next_dagrun for welcome_dag to 2024-02-05 23:00:00+00:00, run_after=2024-02-06 23:00:00+00:00
[2024-02-06T22:32:15.381+0000] {processor.py:183} INFO - Processing /opt/airflow/dags/welcome_dag.py took 0.138 seconds
[2024-02-06T22:32:45.584+0000] {processor.py:161} INFO - Started process (PID=115) to work on /opt/airflow/dags/welcome_dag.py
[2024-02-06T22:32:45.585+0000] {processor.py:830} INFO - Processing file /opt/airflow/dags/welcome_dag.py for tasks to queue
[2024-02-06T22:32:45.586+0000] {logging_mixin.py:188} INFO - [2024-02-06T22:32:45.586+0000] {dagbag.py:538} INFO - Filling up the DagBag from /opt/airflow/dags/welcome_dag.py
[2024-02-06T22:32:45.609+0000] {processor.py:840} INFO - DAG(s) 'welcome_dag' retrieved from /opt/airflow/dags/welcome_dag.py
[2024-02-06T22:32:45.633+0000] {logging_mixin.py:188} INFO - [2024-02-06T22:32:45.633+0000] {dag.py:3036} INFO - Sync 1 DAGs
[2024-02-06T22:32:45.656+0000] {logging_mixin.py:188} INFO - [2024-02-06T22:32:45.655+0000] {dag.py:3823} INFO - Setting next_dagrun for welcome_dag to 2024-02-05 23:00:00+00:00, run_after=2024-02-06 23:00:00+00:00
[2024-02-06T22:32:45.713+0000] {processor.py:183} INFO - Processing /opt/airflow/dags/welcome_dag.py took 0.132 seconds
[2024-02-06T22:33:16.207+0000] {processor.py:161} INFO - Started process (PID=116) to work on /opt/airflow/dags/welcome_dag.py
[2024-02-06T22:33:16.208+0000] {processor.py:830} INFO - Processing file /opt/airflow/dags/welcome_dag.py for tasks to queue
[2024-02-06T22:33:16.209+0000] {logging_mixin.py:188} INFO - [2024-02-06T22:33:16.209+0000] {dagbag.py:538} INFO - Filling up the DagBag from /opt/airflow/dags/welcome_dag.py
[2024-02-06T22:33:16.232+0000] {processor.py:840} INFO - DAG(s) 'welcome_dag' retrieved from /opt/airflow/dags/welcome_dag.py
[2024-02-06T22:33:16.256+0000] {logging_mixin.py:188} INFO - [2024-02-06T22:33:16.256+0000] {dag.py:3036} INFO - Sync 1 DAGs
[2024-02-06T22:33:16.280+0000] {logging_mixin.py:188} INFO - [2024-02-06T22:33:16.280+0000] {dag.py:3823} INFO - Setting next_dagrun for welcome_dag to 2024-02-05 23:00:00+00:00, run_after=2024-02-06 23:00:00+00:00
[2024-02-06T22:33:16.340+0000] {processor.py:183} INFO - Processing /opt/airflow/dags/welcome_dag.py took 0.135 seconds
[2024-02-06T22:33:46.879+0000] {processor.py:161} INFO - Started process (PID=117) to work on /opt/airflow/dags/welcome_dag.py
[2024-02-06T22:33:46.879+0000] {processor.py:830} INFO - Processing file /opt/airflow/dags/welcome_dag.py for tasks to queue
[2024-02-06T22:33:46.880+0000] {logging_mixin.py:188} INFO - [2024-02-06T22:33:46.880+0000] {dagbag.py:538} INFO - Filling up the DagBag from /opt/airflow/dags/welcome_dag.py
[2024-02-06T22:33:46.902+0000] {processor.py:840} INFO - DAG(s) 'welcome_dag' retrieved from /opt/airflow/dags/welcome_dag.py
[2024-02-06T22:33:46.925+0000] {logging_mixin.py:188} INFO - [2024-02-06T22:33:46.925+0000] {dag.py:3036} INFO - Sync 1 DAGs
[2024-02-06T22:33:46.947+0000] {logging_mixin.py:188} INFO - [2024-02-06T22:33:46.946+0000] {dag.py:3823} INFO - Setting next_dagrun for welcome_dag to 2024-02-05 23:00:00+00:00, run_after=2024-02-06 23:00:00+00:00
[2024-02-06T22:33:46.996+0000] {processor.py:183} INFO - Processing /opt/airflow/dags/welcome_dag.py took 0.119 seconds
[2024-02-06T22:34:17.526+0000] {processor.py:161} INFO - Started process (PID=118) to work on /opt/airflow/dags/welcome_dag.py
[2024-02-06T22:34:17.527+0000] {processor.py:830} INFO - Processing file /opt/airflow/dags/welcome_dag.py for tasks to queue
[2024-02-06T22:34:17.528+0000] {logging_mixin.py:188} INFO - [2024-02-06T22:34:17.527+0000] {dagbag.py:538} INFO - Filling up the DagBag from /opt/airflow/dags/welcome_dag.py
[2024-02-06T22:34:17.549+0000] {processor.py:840} INFO - DAG(s) 'welcome_dag' retrieved from /opt/airflow/dags/welcome_dag.py
[2024-02-06T22:34:17.571+0000] {logging_mixin.py:188} INFO - [2024-02-06T22:34:17.571+0000] {dag.py:3036} INFO - Sync 1 DAGs
[2024-02-06T22:34:17.594+0000] {logging_mixin.py:188} INFO - [2024-02-06T22:34:17.594+0000] {dag.py:3823} INFO - Setting next_dagrun for welcome_dag to 2024-02-05 23:00:00+00:00, run_after=2024-02-06 23:00:00+00:00
[2024-02-06T22:34:17.654+0000] {processor.py:183} INFO - Processing /opt/airflow/dags/welcome_dag.py took 0.130 seconds
