[2024-02-03T02:01:53.627+0000] {processor.py:161} INFO - Started process (PID=103) to work on /opt/airflow/dags/welcome_dag.py
[2024-02-03T02:01:53.628+0000] {processor.py:830} INFO - Processing file /opt/airflow/dags/welcome_dag.py for tasks to queue
[2024-02-03T02:01:53.629+0000] {logging_mixin.py:188} INFO - [2024-02-03T02:01:53.629+0000] {dagbag.py:538} INFO - Filling up the DagBag from /opt/airflow/dags/welcome_dag.py
[2024-02-03T02:01:53.667+0000] {processor.py:840} INFO - DAG(s) 'welcome_dag' retrieved from /opt/airflow/dags/welcome_dag.py
[2024-02-03T02:01:53.816+0000] {logging_mixin.py:188} INFO - [2024-02-03T02:01:53.815+0000] {override.py:1769} INFO - Created Permission View: can read on DAG:welcome_dag
[2024-02-03T02:01:53.849+0000] {logging_mixin.py:188} INFO - [2024-02-03T02:01:53.848+0000] {override.py:1769} INFO - Created Permission View: can edit on DAG:welcome_dag
[2024-02-03T02:01:53.879+0000] {logging_mixin.py:188} INFO - [2024-02-03T02:01:53.878+0000] {override.py:1769} INFO - Created Permission View: can delete on DAG:welcome_dag
[2024-02-03T02:01:53.879+0000] {logging_mixin.py:188} INFO - [2024-02-03T02:01:53.879+0000] {dag.py:3036} INFO - Sync 1 DAGs
[2024-02-03T02:01:53.894+0000] {logging_mixin.py:188} INFO - [2024-02-03T02:01:53.894+0000] {dag.py:3058} INFO - Creating ORM DAG for welcome_dag
[2024-02-03T02:01:53.907+0000] {logging_mixin.py:188} INFO - [2024-02-03T02:01:53.906+0000] {dag.py:3823} INFO - Setting next_dagrun for welcome_dag to 2024-02-02 23:00:00+00:00, run_after=2024-02-03 23:00:00+00:00
[2024-02-03T02:01:53.961+0000] {processor.py:183} INFO - Processing /opt/airflow/dags/welcome_dag.py took 0.336 seconds
[2024-02-03T02:02:24.594+0000] {processor.py:161} INFO - Started process (PID=104) to work on /opt/airflow/dags/welcome_dag.py
[2024-02-03T02:02:24.595+0000] {processor.py:830} INFO - Processing file /opt/airflow/dags/welcome_dag.py for tasks to queue
[2024-02-03T02:02:24.596+0000] {logging_mixin.py:188} INFO - [2024-02-03T02:02:24.596+0000] {dagbag.py:538} INFO - Filling up the DagBag from /opt/airflow/dags/welcome_dag.py
[2024-02-03T02:02:24.624+0000] {processor.py:840} INFO - DAG(s) 'welcome_dag' retrieved from /opt/airflow/dags/welcome_dag.py
[2024-02-03T02:02:24.647+0000] {logging_mixin.py:188} INFO - [2024-02-03T02:02:24.647+0000] {dag.py:3036} INFO - Sync 1 DAGs
[2024-02-03T02:02:24.668+0000] {logging_mixin.py:188} INFO - [2024-02-03T02:02:24.667+0000] {dag.py:3823} INFO - Setting next_dagrun for welcome_dag to 2024-02-02 23:00:00+00:00, run_after=2024-02-03 23:00:00+00:00
[2024-02-03T02:02:24.720+0000] {processor.py:183} INFO - Processing /opt/airflow/dags/welcome_dag.py took 0.128 seconds
[2024-02-03T02:02:28.629+0000] {processor.py:161} INFO - Started process (PID=105) to work on /opt/airflow/dags/welcome_dag.py
[2024-02-03T02:02:28.630+0000] {processor.py:830} INFO - Processing file /opt/airflow/dags/welcome_dag.py for tasks to queue
[2024-02-03T02:02:28.632+0000] {logging_mixin.py:188} INFO - [2024-02-03T02:02:28.631+0000] {dagbag.py:538} INFO - Filling up the DagBag from /opt/airflow/dags/welcome_dag.py
[2024-02-03T02:02:28.676+0000] {processor.py:840} INFO - DAG(s) 'welcome_dag' retrieved from /opt/airflow/dags/welcome_dag.py
[2024-02-03T02:02:28.703+0000] {logging_mixin.py:188} INFO - [2024-02-03T02:02:28.702+0000] {dag.py:3036} INFO - Sync 1 DAGs
[2024-02-03T02:02:28.727+0000] {logging_mixin.py:188} INFO - [2024-02-03T02:02:28.727+0000] {dag.py:3823} INFO - Setting next_dagrun for welcome_dag to 2024-02-02 23:00:00+00:00, run_after=2024-02-03 23:00:00+00:00
[2024-02-03T02:02:28.787+0000] {processor.py:183} INFO - Processing /opt/airflow/dags/welcome_dag.py took 0.161 seconds
[2024-02-03T02:02:59.239+0000] {processor.py:161} INFO - Started process (PID=106) to work on /opt/airflow/dags/welcome_dag.py
[2024-02-03T02:02:59.240+0000] {processor.py:830} INFO - Processing file /opt/airflow/dags/welcome_dag.py for tasks to queue
[2024-02-03T02:02:59.241+0000] {logging_mixin.py:188} INFO - [2024-02-03T02:02:59.240+0000] {dagbag.py:538} INFO - Filling up the DagBag from /opt/airflow/dags/welcome_dag.py
[2024-02-03T02:02:59.262+0000] {processor.py:840} INFO - DAG(s) 'welcome_dag' retrieved from /opt/airflow/dags/welcome_dag.py
[2024-02-03T02:02:59.284+0000] {logging_mixin.py:188} INFO - [2024-02-03T02:02:59.284+0000] {dag.py:3036} INFO - Sync 1 DAGs
[2024-02-03T02:02:59.304+0000] {logging_mixin.py:188} INFO - [2024-02-03T02:02:59.304+0000] {dag.py:3823} INFO - Setting next_dagrun for welcome_dag to 2024-02-02 23:00:00+00:00, run_after=2024-02-03 23:00:00+00:00
[2024-02-03T02:02:59.360+0000] {processor.py:183} INFO - Processing /opt/airflow/dags/welcome_dag.py took 0.123 seconds
[2024-02-03T02:03:29.674+0000] {processor.py:161} INFO - Started process (PID=107) to work on /opt/airflow/dags/welcome_dag.py
[2024-02-03T02:03:29.675+0000] {processor.py:830} INFO - Processing file /opt/airflow/dags/welcome_dag.py for tasks to queue
[2024-02-03T02:03:29.676+0000] {logging_mixin.py:188} INFO - [2024-02-03T02:03:29.676+0000] {dagbag.py:538} INFO - Filling up the DagBag from /opt/airflow/dags/welcome_dag.py
[2024-02-03T02:03:29.698+0000] {processor.py:840} INFO - DAG(s) 'welcome_dag' retrieved from /opt/airflow/dags/welcome_dag.py
[2024-02-03T02:03:29.721+0000] {logging_mixin.py:188} INFO - [2024-02-03T02:03:29.721+0000] {dag.py:3036} INFO - Sync 1 DAGs
[2024-02-03T02:03:29.744+0000] {logging_mixin.py:188} INFO - [2024-02-03T02:03:29.744+0000] {dag.py:3823} INFO - Setting next_dagrun for welcome_dag to 2024-02-02 23:00:00+00:00, run_after=2024-02-03 23:00:00+00:00
[2024-02-03T02:03:29.803+0000] {processor.py:183} INFO - Processing /opt/airflow/dags/welcome_dag.py took 0.131 seconds
[2024-02-03T02:03:36.279+0000] {processor.py:161} INFO - Started process (PID=108) to work on /opt/airflow/dags/welcome_dag.py
[2024-02-03T02:03:36.280+0000] {processor.py:830} INFO - Processing file /opt/airflow/dags/welcome_dag.py for tasks to queue
[2024-02-03T02:03:36.280+0000] {logging_mixin.py:188} INFO - [2024-02-03T02:03:36.280+0000] {dagbag.py:538} INFO - Filling up the DagBag from /opt/airflow/dags/welcome_dag.py
[2024-02-03T02:03:36.313+0000] {processor.py:840} INFO - DAG(s) 'welcome_dag' retrieved from /opt/airflow/dags/welcome_dag.py
[2024-02-03T02:03:36.337+0000] {logging_mixin.py:188} INFO - [2024-02-03T02:03:36.336+0000] {dag.py:3036} INFO - Sync 1 DAGs
[2024-02-03T02:03:36.359+0000] {logging_mixin.py:188} INFO - [2024-02-03T02:03:36.358+0000] {dag.py:3823} INFO - Setting next_dagrun for welcome_dag to 2024-02-02 23:00:00+00:00, run_after=2024-02-03 23:00:00+00:00
[2024-02-03T02:03:36.422+0000] {processor.py:183} INFO - Processing /opt/airflow/dags/welcome_dag.py took 0.146 seconds
[2024-02-03T02:03:41.881+0000] {processor.py:161} INFO - Started process (PID=109) to work on /opt/airflow/dags/welcome_dag.py
[2024-02-03T02:03:41.882+0000] {processor.py:830} INFO - Processing file /opt/airflow/dags/welcome_dag.py for tasks to queue
[2024-02-03T02:03:41.883+0000] {logging_mixin.py:188} INFO - [2024-02-03T02:03:41.882+0000] {dagbag.py:538} INFO - Filling up the DagBag from /opt/airflow/dags/welcome_dag.py
[2024-02-03T02:03:41.915+0000] {processor.py:840} INFO - DAG(s) 'welcome_dag' retrieved from /opt/airflow/dags/welcome_dag.py
[2024-02-03T02:03:41.939+0000] {logging_mixin.py:188} INFO - [2024-02-03T02:03:41.939+0000] {dag.py:3036} INFO - Sync 1 DAGs
[2024-02-03T02:03:41.961+0000] {logging_mixin.py:188} INFO - [2024-02-03T02:03:41.961+0000] {dag.py:3823} INFO - Setting next_dagrun for welcome_dag to 2024-02-02 23:00:00+00:00, run_after=2024-02-03 23:00:00+00:00
[2024-02-03T02:03:42.017+0000] {processor.py:183} INFO - Processing /opt/airflow/dags/welcome_dag.py took 0.139 seconds
[2024-02-03T02:04:12.355+0000] {processor.py:161} INFO - Started process (PID=110) to work on /opt/airflow/dags/welcome_dag.py
[2024-02-03T02:04:12.356+0000] {processor.py:830} INFO - Processing file /opt/airflow/dags/welcome_dag.py for tasks to queue
[2024-02-03T02:04:12.357+0000] {logging_mixin.py:188} INFO - [2024-02-03T02:04:12.356+0000] {dagbag.py:538} INFO - Filling up the DagBag from /opt/airflow/dags/welcome_dag.py
[2024-02-03T02:04:12.378+0000] {processor.py:840} INFO - DAG(s) 'welcome_dag' retrieved from /opt/airflow/dags/welcome_dag.py
[2024-02-03T02:04:12.401+0000] {logging_mixin.py:188} INFO - [2024-02-03T02:04:12.400+0000] {dag.py:3036} INFO - Sync 1 DAGs
[2024-02-03T02:04:12.422+0000] {logging_mixin.py:188} INFO - [2024-02-03T02:04:12.422+0000] {dag.py:3823} INFO - Setting next_dagrun for welcome_dag to 2024-02-02 23:00:00+00:00, run_after=2024-02-03 23:00:00+00:00
[2024-02-03T02:04:12.472+0000] {processor.py:183} INFO - Processing /opt/airflow/dags/welcome_dag.py took 0.119 seconds
[2024-02-03T02:04:43.331+0000] {processor.py:161} INFO - Started process (PID=111) to work on /opt/airflow/dags/welcome_dag.py
[2024-02-03T02:04:43.332+0000] {processor.py:830} INFO - Processing file /opt/airflow/dags/welcome_dag.py for tasks to queue
[2024-02-03T02:04:43.333+0000] {logging_mixin.py:188} INFO - [2024-02-03T02:04:43.332+0000] {dagbag.py:538} INFO - Filling up the DagBag from /opt/airflow/dags/welcome_dag.py
[2024-02-03T02:04:43.352+0000] {processor.py:840} INFO - DAG(s) 'welcome_dag' retrieved from /opt/airflow/dags/welcome_dag.py
[2024-02-03T02:04:43.372+0000] {logging_mixin.py:188} INFO - [2024-02-03T02:04:43.372+0000] {dag.py:3036} INFO - Sync 1 DAGs
[2024-02-03T02:04:43.392+0000] {logging_mixin.py:188} INFO - [2024-02-03T02:04:43.392+0000] {dag.py:3823} INFO - Setting next_dagrun for welcome_dag to 2024-02-02 23:00:00+00:00, run_after=2024-02-03 23:00:00+00:00
[2024-02-03T02:04:43.442+0000] {processor.py:183} INFO - Processing /opt/airflow/dags/welcome_dag.py took 0.113 seconds
[2024-02-03T02:05:13.850+0000] {processor.py:161} INFO - Started process (PID=112) to work on /opt/airflow/dags/welcome_dag.py
[2024-02-03T02:05:13.851+0000] {processor.py:830} INFO - Processing file /opt/airflow/dags/welcome_dag.py for tasks to queue
[2024-02-03T02:05:13.852+0000] {logging_mixin.py:188} INFO - [2024-02-03T02:05:13.852+0000] {dagbag.py:538} INFO - Filling up the DagBag from /opt/airflow/dags/welcome_dag.py
[2024-02-03T02:05:13.877+0000] {processor.py:840} INFO - DAG(s) 'welcome_dag' retrieved from /opt/airflow/dags/welcome_dag.py
[2024-02-03T02:05:13.902+0000] {logging_mixin.py:188} INFO - [2024-02-03T02:05:13.902+0000] {dag.py:3036} INFO - Sync 1 DAGs
[2024-02-03T02:05:13.924+0000] {logging_mixin.py:188} INFO - [2024-02-03T02:05:13.924+0000] {dag.py:3823} INFO - Setting next_dagrun for welcome_dag to 2024-02-02 23:00:00+00:00, run_after=2024-02-03 23:00:00+00:00
[2024-02-03T02:05:13.975+0000] {processor.py:183} INFO - Processing /opt/airflow/dags/welcome_dag.py took 0.128 seconds
[2024-02-03T02:05:44.087+0000] {processor.py:161} INFO - Started process (PID=113) to work on /opt/airflow/dags/welcome_dag.py
[2024-02-03T02:05:44.088+0000] {processor.py:830} INFO - Processing file /opt/airflow/dags/welcome_dag.py for tasks to queue
[2024-02-03T02:05:44.089+0000] {logging_mixin.py:188} INFO - [2024-02-03T02:05:44.089+0000] {dagbag.py:538} INFO - Filling up the DagBag from /opt/airflow/dags/welcome_dag.py
[2024-02-03T02:05:44.111+0000] {processor.py:840} INFO - DAG(s) 'welcome_dag' retrieved from /opt/airflow/dags/welcome_dag.py
[2024-02-03T02:05:44.134+0000] {logging_mixin.py:188} INFO - [2024-02-03T02:05:44.133+0000] {dag.py:3036} INFO - Sync 1 DAGs
[2024-02-03T02:05:44.155+0000] {logging_mixin.py:188} INFO - [2024-02-03T02:05:44.154+0000] {dag.py:3823} INFO - Setting next_dagrun for welcome_dag to 2024-02-02 23:00:00+00:00, run_after=2024-02-03 23:00:00+00:00
[2024-02-03T02:05:44.200+0000] {processor.py:183} INFO - Processing /opt/airflow/dags/welcome_dag.py took 0.115 seconds
[2024-02-03T02:06:14.335+0000] {processor.py:161} INFO - Started process (PID=114) to work on /opt/airflow/dags/welcome_dag.py
[2024-02-03T02:06:14.336+0000] {processor.py:830} INFO - Processing file /opt/airflow/dags/welcome_dag.py for tasks to queue
[2024-02-03T02:06:14.337+0000] {logging_mixin.py:188} INFO - [2024-02-03T02:06:14.337+0000] {dagbag.py:538} INFO - Filling up the DagBag from /opt/airflow/dags/welcome_dag.py
[2024-02-03T02:06:14.362+0000] {processor.py:840} INFO - DAG(s) 'welcome_dag' retrieved from /opt/airflow/dags/welcome_dag.py
[2024-02-03T02:06:14.385+0000] {logging_mixin.py:188} INFO - [2024-02-03T02:06:14.385+0000] {dag.py:3036} INFO - Sync 1 DAGs
[2024-02-03T02:06:14.409+0000] {logging_mixin.py:188} INFO - [2024-02-03T02:06:14.408+0000] {dag.py:3823} INFO - Setting next_dagrun for welcome_dag to 2024-02-02 23:00:00+00:00, run_after=2024-02-03 23:00:00+00:00
[2024-02-03T02:06:14.473+0000] {processor.py:183} INFO - Processing /opt/airflow/dags/welcome_dag.py took 0.140 seconds
[2024-02-03T02:06:44.563+0000] {processor.py:161} INFO - Started process (PID=115) to work on /opt/airflow/dags/welcome_dag.py
[2024-02-03T02:06:44.564+0000] {processor.py:830} INFO - Processing file /opt/airflow/dags/welcome_dag.py for tasks to queue
[2024-02-03T02:06:44.565+0000] {logging_mixin.py:188} INFO - [2024-02-03T02:06:44.565+0000] {dagbag.py:538} INFO - Filling up the DagBag from /opt/airflow/dags/welcome_dag.py
[2024-02-03T02:06:44.588+0000] {processor.py:840} INFO - DAG(s) 'welcome_dag' retrieved from /opt/airflow/dags/welcome_dag.py
[2024-02-03T02:06:44.610+0000] {logging_mixin.py:188} INFO - [2024-02-03T02:06:44.610+0000] {dag.py:3036} INFO - Sync 1 DAGs
[2024-02-03T02:06:44.632+0000] {logging_mixin.py:188} INFO - [2024-02-03T02:06:44.632+0000] {dag.py:3823} INFO - Setting next_dagrun for welcome_dag to 2024-02-02 23:00:00+00:00, run_after=2024-02-03 23:00:00+00:00
[2024-02-03T02:06:44.689+0000] {processor.py:183} INFO - Processing /opt/airflow/dags/welcome_dag.py took 0.128 seconds
[2024-02-03T02:07:14.784+0000] {processor.py:161} INFO - Started process (PID=116) to work on /opt/airflow/dags/welcome_dag.py
[2024-02-03T02:07:14.785+0000] {processor.py:830} INFO - Processing file /opt/airflow/dags/welcome_dag.py for tasks to queue
[2024-02-03T02:07:14.786+0000] {logging_mixin.py:188} INFO - [2024-02-03T02:07:14.786+0000] {dagbag.py:538} INFO - Filling up the DagBag from /opt/airflow/dags/welcome_dag.py
[2024-02-03T02:07:14.808+0000] {processor.py:840} INFO - DAG(s) 'welcome_dag' retrieved from /opt/airflow/dags/welcome_dag.py
[2024-02-03T02:07:14.832+0000] {logging_mixin.py:188} INFO - [2024-02-03T02:07:14.831+0000] {dag.py:3036} INFO - Sync 1 DAGs
[2024-02-03T02:07:14.853+0000] {logging_mixin.py:188} INFO - [2024-02-03T02:07:14.853+0000] {dag.py:3823} INFO - Setting next_dagrun for welcome_dag to 2024-02-02 23:00:00+00:00, run_after=2024-02-03 23:00:00+00:00
[2024-02-03T02:07:14.916+0000] {processor.py:183} INFO - Processing /opt/airflow/dags/welcome_dag.py took 0.134 seconds
[2024-02-03T02:07:45.366+0000] {processor.py:161} INFO - Started process (PID=117) to work on /opt/airflow/dags/welcome_dag.py
[2024-02-03T02:07:45.367+0000] {processor.py:830} INFO - Processing file /opt/airflow/dags/welcome_dag.py for tasks to queue
[2024-02-03T02:07:45.368+0000] {logging_mixin.py:188} INFO - [2024-02-03T02:07:45.368+0000] {dagbag.py:538} INFO - Filling up the DagBag from /opt/airflow/dags/welcome_dag.py
[2024-02-03T02:07:45.390+0000] {processor.py:840} INFO - DAG(s) 'welcome_dag' retrieved from /opt/airflow/dags/welcome_dag.py
[2024-02-03T02:07:45.414+0000] {logging_mixin.py:188} INFO - [2024-02-03T02:07:45.413+0000] {dag.py:3036} INFO - Sync 1 DAGs
[2024-02-03T02:07:45.435+0000] {logging_mixin.py:188} INFO - [2024-02-03T02:07:45.435+0000] {dag.py:3823} INFO - Setting next_dagrun for welcome_dag to 2024-02-02 23:00:00+00:00, run_after=2024-02-03 23:00:00+00:00
[2024-02-03T02:07:45.487+0000] {processor.py:183} INFO - Processing /opt/airflow/dags/welcome_dag.py took 0.122 seconds
[2024-02-03T02:08:16.014+0000] {processor.py:161} INFO - Started process (PID=118) to work on /opt/airflow/dags/welcome_dag.py
[2024-02-03T02:08:16.015+0000] {processor.py:830} INFO - Processing file /opt/airflow/dags/welcome_dag.py for tasks to queue
[2024-02-03T02:08:16.016+0000] {logging_mixin.py:188} INFO - [2024-02-03T02:08:16.016+0000] {dagbag.py:538} INFO - Filling up the DagBag from /opt/airflow/dags/welcome_dag.py
[2024-02-03T02:08:16.038+0000] {processor.py:840} INFO - DAG(s) 'welcome_dag' retrieved from /opt/airflow/dags/welcome_dag.py
[2024-02-03T02:08:16.062+0000] {logging_mixin.py:188} INFO - [2024-02-03T02:08:16.062+0000] {dag.py:3036} INFO - Sync 1 DAGs
[2024-02-03T02:08:16.085+0000] {logging_mixin.py:188} INFO - [2024-02-03T02:08:16.084+0000] {dag.py:3823} INFO - Setting next_dagrun for welcome_dag to 2024-02-02 23:00:00+00:00, run_after=2024-02-03 23:00:00+00:00
[2024-02-03T02:08:16.139+0000] {processor.py:183} INFO - Processing /opt/airflow/dags/welcome_dag.py took 0.127 seconds
[2024-02-03T02:08:34.320+0000] {processor.py:161} INFO - Started process (PID=119) to work on /opt/airflow/dags/welcome_dag.py
[2024-02-03T02:08:34.321+0000] {processor.py:830} INFO - Processing file /opt/airflow/dags/welcome_dag.py for tasks to queue
[2024-02-03T02:08:34.322+0000] {logging_mixin.py:188} INFO - [2024-02-03T02:08:34.321+0000] {dagbag.py:538} INFO - Filling up the DagBag from /opt/airflow/dags/welcome_dag.py
[2024-02-03T02:08:34.356+0000] {processor.py:840} INFO - DAG(s) 'welcome_dag' retrieved from /opt/airflow/dags/welcome_dag.py
[2024-02-03T02:08:34.379+0000] {logging_mixin.py:188} INFO - [2024-02-03T02:08:34.379+0000] {dag.py:3036} INFO - Sync 1 DAGs
[2024-02-03T02:08:34.402+0000] {logging_mixin.py:188} INFO - [2024-02-03T02:08:34.401+0000] {dag.py:3823} INFO - Setting next_dagrun for welcome_dag to 2024-02-02 23:00:00+00:00, run_after=2024-02-03 23:00:00+00:00
[2024-02-03T02:08:34.457+0000] {processor.py:183} INFO - Processing /opt/airflow/dags/welcome_dag.py took 0.139 seconds
[2024-02-03T02:09:04.939+0000] {processor.py:161} INFO - Started process (PID=120) to work on /opt/airflow/dags/welcome_dag.py
[2024-02-03T02:09:04.940+0000] {processor.py:830} INFO - Processing file /opt/airflow/dags/welcome_dag.py for tasks to queue
[2024-02-03T02:09:04.941+0000] {logging_mixin.py:188} INFO - [2024-02-03T02:09:04.940+0000] {dagbag.py:538} INFO - Filling up the DagBag from /opt/airflow/dags/welcome_dag.py
[2024-02-03T02:09:04.963+0000] {processor.py:840} INFO - DAG(s) 'welcome_dag' retrieved from /opt/airflow/dags/welcome_dag.py
[2024-02-03T02:09:04.988+0000] {logging_mixin.py:188} INFO - [2024-02-03T02:09:04.987+0000] {dag.py:3036} INFO - Sync 1 DAGs
[2024-02-03T02:09:05.012+0000] {logging_mixin.py:188} INFO - [2024-02-03T02:09:05.012+0000] {dag.py:3823} INFO - Setting next_dagrun for welcome_dag to 2024-02-02 23:00:00+00:00, run_after=2024-02-03 23:00:00+00:00
[2024-02-03T02:09:05.070+0000] {processor.py:183} INFO - Processing /opt/airflow/dags/welcome_dag.py took 0.133 seconds
[2024-02-03T02:09:35.575+0000] {processor.py:161} INFO - Started process (PID=121) to work on /opt/airflow/dags/welcome_dag.py
[2024-02-03T02:09:35.576+0000] {processor.py:830} INFO - Processing file /opt/airflow/dags/welcome_dag.py for tasks to queue
[2024-02-03T02:09:35.577+0000] {logging_mixin.py:188} INFO - [2024-02-03T02:09:35.577+0000] {dagbag.py:538} INFO - Filling up the DagBag from /opt/airflow/dags/welcome_dag.py
[2024-02-03T02:09:35.601+0000] {processor.py:840} INFO - DAG(s) 'welcome_dag' retrieved from /opt/airflow/dags/welcome_dag.py
[2024-02-03T02:09:35.626+0000] {logging_mixin.py:188} INFO - [2024-02-03T02:09:35.626+0000] {dag.py:3036} INFO - Sync 1 DAGs
[2024-02-03T02:09:35.649+0000] {logging_mixin.py:188} INFO - [2024-02-03T02:09:35.649+0000] {dag.py:3823} INFO - Setting next_dagrun for welcome_dag to 2024-02-02 23:00:00+00:00, run_after=2024-02-03 23:00:00+00:00
[2024-02-03T02:09:35.706+0000] {processor.py:183} INFO - Processing /opt/airflow/dags/welcome_dag.py took 0.133 seconds
[2024-02-03T02:10:06.225+0000] {processor.py:161} INFO - Started process (PID=176) to work on /opt/airflow/dags/welcome_dag.py
[2024-02-03T02:10:06.226+0000] {processor.py:830} INFO - Processing file /opt/airflow/dags/welcome_dag.py for tasks to queue
[2024-02-03T02:10:06.227+0000] {logging_mixin.py:188} INFO - [2024-02-03T02:10:06.226+0000] {dagbag.py:538} INFO - Filling up the DagBag from /opt/airflow/dags/welcome_dag.py
[2024-02-03T02:10:06.250+0000] {processor.py:840} INFO - DAG(s) 'welcome_dag' retrieved from /opt/airflow/dags/welcome_dag.py
[2024-02-03T02:10:06.277+0000] {logging_mixin.py:188} INFO - [2024-02-03T02:10:06.277+0000] {dag.py:3036} INFO - Sync 1 DAGs
[2024-02-03T02:10:06.299+0000] {logging_mixin.py:188} INFO - [2024-02-03T02:10:06.299+0000] {dag.py:3823} INFO - Setting next_dagrun for welcome_dag to 2024-02-02 23:00:00+00:00, run_after=2024-02-03 23:00:00+00:00
[2024-02-03T02:10:06.351+0000] {processor.py:183} INFO - Processing /opt/airflow/dags/welcome_dag.py took 0.129 seconds
[2024-02-03T02:10:36.617+0000] {processor.py:161} INFO - Started process (PID=177) to work on /opt/airflow/dags/welcome_dag.py
[2024-02-03T02:10:36.618+0000] {processor.py:830} INFO - Processing file /opt/airflow/dags/welcome_dag.py for tasks to queue
[2024-02-03T02:10:36.619+0000] {logging_mixin.py:188} INFO - [2024-02-03T02:10:36.619+0000] {dagbag.py:538} INFO - Filling up the DagBag from /opt/airflow/dags/welcome_dag.py
[2024-02-03T02:10:36.642+0000] {processor.py:840} INFO - DAG(s) 'welcome_dag' retrieved from /opt/airflow/dags/welcome_dag.py
[2024-02-03T02:10:36.668+0000] {logging_mixin.py:188} INFO - [2024-02-03T02:10:36.668+0000] {dag.py:3036} INFO - Sync 1 DAGs
[2024-02-03T02:10:36.690+0000] {logging_mixin.py:188} INFO - [2024-02-03T02:10:36.690+0000] {dag.py:3823} INFO - Setting next_dagrun for welcome_dag to 2024-02-02 23:00:00+00:00, run_after=2024-02-03 23:00:00+00:00
[2024-02-03T02:10:36.749+0000] {processor.py:183} INFO - Processing /opt/airflow/dags/welcome_dag.py took 0.135 seconds
[2024-02-03T02:11:06.973+0000] {processor.py:161} INFO - Started process (PID=178) to work on /opt/airflow/dags/welcome_dag.py
[2024-02-03T02:11:06.974+0000] {processor.py:830} INFO - Processing file /opt/airflow/dags/welcome_dag.py for tasks to queue
[2024-02-03T02:11:06.975+0000] {logging_mixin.py:188} INFO - [2024-02-03T02:11:06.975+0000] {dagbag.py:538} INFO - Filling up the DagBag from /opt/airflow/dags/welcome_dag.py
[2024-02-03T02:11:06.998+0000] {processor.py:840} INFO - DAG(s) 'welcome_dag' retrieved from /opt/airflow/dags/welcome_dag.py
[2024-02-03T02:11:07.022+0000] {logging_mixin.py:188} INFO - [2024-02-03T02:11:07.022+0000] {dag.py:3036} INFO - Sync 1 DAGs
[2024-02-03T02:11:07.044+0000] {logging_mixin.py:188} INFO - [2024-02-03T02:11:07.044+0000] {dag.py:3823} INFO - Setting next_dagrun for welcome_dag to 2024-02-02 23:00:00+00:00, run_after=2024-02-03 23:00:00+00:00
[2024-02-03T02:11:07.097+0000] {processor.py:183} INFO - Processing /opt/airflow/dags/welcome_dag.py took 0.125 seconds
[2024-02-03T02:11:37.352+0000] {processor.py:161} INFO - Started process (PID=179) to work on /opt/airflow/dags/welcome_dag.py
[2024-02-03T02:11:37.354+0000] {processor.py:830} INFO - Processing file /opt/airflow/dags/welcome_dag.py for tasks to queue
[2024-02-03T02:11:37.355+0000] {logging_mixin.py:188} INFO - [2024-02-03T02:11:37.355+0000] {dagbag.py:538} INFO - Filling up the DagBag from /opt/airflow/dags/welcome_dag.py
[2024-02-03T02:11:37.382+0000] {processor.py:840} INFO - DAG(s) 'welcome_dag' retrieved from /opt/airflow/dags/welcome_dag.py
[2024-02-03T02:11:37.406+0000] {logging_mixin.py:188} INFO - [2024-02-03T02:11:37.406+0000] {dag.py:3036} INFO - Sync 1 DAGs
[2024-02-03T02:11:37.430+0000] {logging_mixin.py:188} INFO - [2024-02-03T02:11:37.429+0000] {dag.py:3823} INFO - Setting next_dagrun for welcome_dag to 2024-02-02 23:00:00+00:00, run_after=2024-02-03 23:00:00+00:00
[2024-02-03T02:11:37.484+0000] {processor.py:183} INFO - Processing /opt/airflow/dags/welcome_dag.py took 0.134 seconds
[2024-02-03T02:12:07.681+0000] {processor.py:161} INFO - Started process (PID=180) to work on /opt/airflow/dags/welcome_dag.py
[2024-02-03T02:12:07.682+0000] {processor.py:830} INFO - Processing file /opt/airflow/dags/welcome_dag.py for tasks to queue
[2024-02-03T02:12:07.683+0000] {logging_mixin.py:188} INFO - [2024-02-03T02:12:07.683+0000] {dagbag.py:538} INFO - Filling up the DagBag from /opt/airflow/dags/welcome_dag.py
[2024-02-03T02:12:07.709+0000] {processor.py:840} INFO - DAG(s) 'welcome_dag' retrieved from /opt/airflow/dags/welcome_dag.py
[2024-02-03T02:12:07.731+0000] {logging_mixin.py:188} INFO - [2024-02-03T02:12:07.731+0000] {dag.py:3036} INFO - Sync 1 DAGs
[2024-02-03T02:12:07.751+0000] {logging_mixin.py:188} INFO - [2024-02-03T02:12:07.751+0000] {dag.py:3823} INFO - Setting next_dagrun for welcome_dag to 2024-02-02 23:00:00+00:00, run_after=2024-02-03 23:00:00+00:00
[2024-02-03T02:12:07.799+0000] {processor.py:183} INFO - Processing /opt/airflow/dags/welcome_dag.py took 0.120 seconds
[2024-02-03T02:12:37.923+0000] {processor.py:161} INFO - Started process (PID=181) to work on /opt/airflow/dags/welcome_dag.py
[2024-02-03T02:12:37.924+0000] {processor.py:830} INFO - Processing file /opt/airflow/dags/welcome_dag.py for tasks to queue
[2024-02-03T02:12:37.925+0000] {logging_mixin.py:188} INFO - [2024-02-03T02:12:37.924+0000] {dagbag.py:538} INFO - Filling up the DagBag from /opt/airflow/dags/welcome_dag.py
[2024-02-03T02:12:37.948+0000] {processor.py:840} INFO - DAG(s) 'welcome_dag' retrieved from /opt/airflow/dags/welcome_dag.py
[2024-02-03T02:12:37.969+0000] {logging_mixin.py:188} INFO - [2024-02-03T02:12:37.969+0000] {dag.py:3036} INFO - Sync 1 DAGs
[2024-02-03T02:12:37.995+0000] {logging_mixin.py:188} INFO - [2024-02-03T02:12:37.994+0000] {dag.py:3823} INFO - Setting next_dagrun for welcome_dag to 2024-02-02 23:00:00+00:00, run_after=2024-02-03 23:00:00+00:00
[2024-02-03T02:12:38.064+0000] {processor.py:183} INFO - Processing /opt/airflow/dags/welcome_dag.py took 0.143 seconds
[2024-02-03T02:13:08.179+0000] {processor.py:161} INFO - Started process (PID=182) to work on /opt/airflow/dags/welcome_dag.py
[2024-02-03T02:13:08.180+0000] {processor.py:830} INFO - Processing file /opt/airflow/dags/welcome_dag.py for tasks to queue
[2024-02-03T02:13:08.181+0000] {logging_mixin.py:188} INFO - [2024-02-03T02:13:08.181+0000] {dagbag.py:538} INFO - Filling up the DagBag from /opt/airflow/dags/welcome_dag.py
[2024-02-03T02:13:08.204+0000] {processor.py:840} INFO - DAG(s) 'welcome_dag' retrieved from /opt/airflow/dags/welcome_dag.py
[2024-02-03T02:13:08.229+0000] {logging_mixin.py:188} INFO - [2024-02-03T02:13:08.228+0000] {dag.py:3036} INFO - Sync 1 DAGs
[2024-02-03T02:13:08.252+0000] {logging_mixin.py:188} INFO - [2024-02-03T02:13:08.252+0000] {dag.py:3823} INFO - Setting next_dagrun for welcome_dag to 2024-02-02 23:00:00+00:00, run_after=2024-02-03 23:00:00+00:00
[2024-02-03T02:13:08.312+0000] {processor.py:183} INFO - Processing /opt/airflow/dags/welcome_dag.py took 0.135 seconds
[2024-02-03T02:13:38.422+0000] {processor.py:161} INFO - Started process (PID=183) to work on /opt/airflow/dags/welcome_dag.py
[2024-02-03T02:13:38.423+0000] {processor.py:830} INFO - Processing file /opt/airflow/dags/welcome_dag.py for tasks to queue
[2024-02-03T02:13:38.424+0000] {logging_mixin.py:188} INFO - [2024-02-03T02:13:38.423+0000] {dagbag.py:538} INFO - Filling up the DagBag from /opt/airflow/dags/welcome_dag.py
[2024-02-03T02:13:38.446+0000] {processor.py:840} INFO - DAG(s) 'welcome_dag' retrieved from /opt/airflow/dags/welcome_dag.py
[2024-02-03T02:13:38.470+0000] {logging_mixin.py:188} INFO - [2024-02-03T02:13:38.470+0000] {dag.py:3036} INFO - Sync 1 DAGs
[2024-02-03T02:13:38.494+0000] {logging_mixin.py:188} INFO - [2024-02-03T02:13:38.494+0000] {dag.py:3823} INFO - Setting next_dagrun for welcome_dag to 2024-02-02 23:00:00+00:00, run_after=2024-02-03 23:00:00+00:00
[2024-02-03T02:13:38.548+0000] {processor.py:183} INFO - Processing /opt/airflow/dags/welcome_dag.py took 0.128 seconds
[2024-02-03T02:14:08.656+0000] {processor.py:161} INFO - Started process (PID=184) to work on /opt/airflow/dags/welcome_dag.py
[2024-02-03T02:14:08.657+0000] {processor.py:830} INFO - Processing file /opt/airflow/dags/welcome_dag.py for tasks to queue
[2024-02-03T02:14:08.658+0000] {logging_mixin.py:188} INFO - [2024-02-03T02:14:08.657+0000] {dagbag.py:538} INFO - Filling up the DagBag from /opt/airflow/dags/welcome_dag.py
[2024-02-03T02:14:08.682+0000] {processor.py:840} INFO - DAG(s) 'welcome_dag' retrieved from /opt/airflow/dags/welcome_dag.py
[2024-02-03T02:14:08.709+0000] {logging_mixin.py:188} INFO - [2024-02-03T02:14:08.709+0000] {dag.py:3036} INFO - Sync 1 DAGs
[2024-02-03T02:14:08.732+0000] {logging_mixin.py:188} INFO - [2024-02-03T02:14:08.732+0000] {dag.py:3823} INFO - Setting next_dagrun for welcome_dag to 2024-02-02 23:00:00+00:00, run_after=2024-02-03 23:00:00+00:00
[2024-02-03T02:14:08.796+0000] {processor.py:183} INFO - Processing /opt/airflow/dags/welcome_dag.py took 0.142 seconds
[2024-02-03T02:14:38.888+0000] {processor.py:161} INFO - Started process (PID=185) to work on /opt/airflow/dags/welcome_dag.py
[2024-02-03T02:14:38.889+0000] {processor.py:830} INFO - Processing file /opt/airflow/dags/welcome_dag.py for tasks to queue
[2024-02-03T02:14:38.890+0000] {logging_mixin.py:188} INFO - [2024-02-03T02:14:38.889+0000] {dagbag.py:538} INFO - Filling up the DagBag from /opt/airflow/dags/welcome_dag.py
[2024-02-03T02:14:38.912+0000] {processor.py:840} INFO - DAG(s) 'welcome_dag' retrieved from /opt/airflow/dags/welcome_dag.py
[2024-02-03T02:14:38.935+0000] {logging_mixin.py:188} INFO - [2024-02-03T02:14:38.934+0000] {dag.py:3036} INFO - Sync 1 DAGs
[2024-02-03T02:14:38.958+0000] {logging_mixin.py:188} INFO - [2024-02-03T02:14:38.957+0000] {dag.py:3823} INFO - Setting next_dagrun for welcome_dag to 2024-02-02 23:00:00+00:00, run_after=2024-02-03 23:00:00+00:00
[2024-02-03T02:14:39.011+0000] {processor.py:183} INFO - Processing /opt/airflow/dags/welcome_dag.py took 0.125 seconds
[2024-02-03T02:15:09.206+0000] {processor.py:161} INFO - Started process (PID=186) to work on /opt/airflow/dags/welcome_dag.py
[2024-02-03T02:15:09.207+0000] {processor.py:830} INFO - Processing file /opt/airflow/dags/welcome_dag.py for tasks to queue
[2024-02-03T02:15:09.208+0000] {logging_mixin.py:188} INFO - [2024-02-03T02:15:09.207+0000] {dagbag.py:538} INFO - Filling up the DagBag from /opt/airflow/dags/welcome_dag.py
[2024-02-03T02:15:09.230+0000] {processor.py:840} INFO - DAG(s) 'welcome_dag' retrieved from /opt/airflow/dags/welcome_dag.py
[2024-02-03T02:15:09.254+0000] {logging_mixin.py:188} INFO - [2024-02-03T02:15:09.254+0000] {dag.py:3036} INFO - Sync 1 DAGs
[2024-02-03T02:15:09.276+0000] {logging_mixin.py:188} INFO - [2024-02-03T02:15:09.276+0000] {dag.py:3823} INFO - Setting next_dagrun for welcome_dag to 2024-02-02 23:00:00+00:00, run_after=2024-02-03 23:00:00+00:00
[2024-02-03T02:15:09.329+0000] {processor.py:183} INFO - Processing /opt/airflow/dags/welcome_dag.py took 0.125 seconds
[2024-02-03T02:15:39.596+0000] {processor.py:161} INFO - Started process (PID=187) to work on /opt/airflow/dags/welcome_dag.py
[2024-02-03T02:15:39.597+0000] {processor.py:830} INFO - Processing file /opt/airflow/dags/welcome_dag.py for tasks to queue
[2024-02-03T02:15:39.598+0000] {logging_mixin.py:188} INFO - [2024-02-03T02:15:39.598+0000] {dagbag.py:538} INFO - Filling up the DagBag from /opt/airflow/dags/welcome_dag.py
[2024-02-03T02:15:39.620+0000] {processor.py:840} INFO - DAG(s) 'welcome_dag' retrieved from /opt/airflow/dags/welcome_dag.py
[2024-02-03T02:15:39.643+0000] {logging_mixin.py:188} INFO - [2024-02-03T02:15:39.643+0000] {dag.py:3036} INFO - Sync 1 DAGs
[2024-02-03T02:15:39.664+0000] {logging_mixin.py:188} INFO - [2024-02-03T02:15:39.664+0000] {dag.py:3823} INFO - Setting next_dagrun for welcome_dag to 2024-02-02 23:00:00+00:00, run_after=2024-02-03 23:00:00+00:00
[2024-02-03T02:15:39.715+0000] {processor.py:183} INFO - Processing /opt/airflow/dags/welcome_dag.py took 0.120 seconds
[2024-02-03T02:16:09.957+0000] {processor.py:161} INFO - Started process (PID=188) to work on /opt/airflow/dags/welcome_dag.py
[2024-02-03T02:16:09.957+0000] {processor.py:830} INFO - Processing file /opt/airflow/dags/welcome_dag.py for tasks to queue
[2024-02-03T02:16:09.958+0000] {logging_mixin.py:188} INFO - [2024-02-03T02:16:09.958+0000] {dagbag.py:538} INFO - Filling up the DagBag from /opt/airflow/dags/welcome_dag.py
[2024-02-03T02:16:09.981+0000] {processor.py:840} INFO - DAG(s) 'welcome_dag' retrieved from /opt/airflow/dags/welcome_dag.py
[2024-02-03T02:16:10.004+0000] {logging_mixin.py:188} INFO - [2024-02-03T02:16:10.004+0000] {dag.py:3036} INFO - Sync 1 DAGs
[2024-02-03T02:16:10.027+0000] {logging_mixin.py:188} INFO - [2024-02-03T02:16:10.026+0000] {dag.py:3823} INFO - Setting next_dagrun for welcome_dag to 2024-02-02 23:00:00+00:00, run_after=2024-02-03 23:00:00+00:00
[2024-02-03T02:16:10.077+0000] {processor.py:183} INFO - Processing /opt/airflow/dags/welcome_dag.py took 0.123 seconds
[2024-02-03T02:16:40.214+0000] {processor.py:161} INFO - Started process (PID=189) to work on /opt/airflow/dags/welcome_dag.py
[2024-02-03T02:16:40.215+0000] {processor.py:830} INFO - Processing file /opt/airflow/dags/welcome_dag.py for tasks to queue
[2024-02-03T02:16:40.216+0000] {logging_mixin.py:188} INFO - [2024-02-03T02:16:40.215+0000] {dagbag.py:538} INFO - Filling up the DagBag from /opt/airflow/dags/welcome_dag.py
[2024-02-03T02:16:40.243+0000] {processor.py:840} INFO - DAG(s) 'welcome_dag' retrieved from /opt/airflow/dags/welcome_dag.py
[2024-02-03T02:16:40.269+0000] {logging_mixin.py:188} INFO - [2024-02-03T02:16:40.269+0000] {dag.py:3036} INFO - Sync 1 DAGs
[2024-02-03T02:16:40.293+0000] {logging_mixin.py:188} INFO - [2024-02-03T02:16:40.293+0000] {dag.py:3823} INFO - Setting next_dagrun for welcome_dag to 2024-02-02 23:00:00+00:00, run_after=2024-02-03 23:00:00+00:00
[2024-02-03T02:16:40.358+0000] {processor.py:183} INFO - Processing /opt/airflow/dags/welcome_dag.py took 0.148 seconds
[2024-02-03T02:17:10.652+0000] {processor.py:161} INFO - Started process (PID=190) to work on /opt/airflow/dags/welcome_dag.py
[2024-02-03T02:17:10.652+0000] {processor.py:830} INFO - Processing file /opt/airflow/dags/welcome_dag.py for tasks to queue
[2024-02-03T02:17:10.653+0000] {logging_mixin.py:188} INFO - [2024-02-03T02:17:10.653+0000] {dagbag.py:538} INFO - Filling up the DagBag from /opt/airflow/dags/welcome_dag.py
[2024-02-03T02:17:10.676+0000] {processor.py:840} INFO - DAG(s) 'welcome_dag' retrieved from /opt/airflow/dags/welcome_dag.py
[2024-02-03T02:17:10.699+0000] {logging_mixin.py:188} INFO - [2024-02-03T02:17:10.699+0000] {dag.py:3036} INFO - Sync 1 DAGs
[2024-02-03T02:17:10.720+0000] {logging_mixin.py:188} INFO - [2024-02-03T02:17:10.720+0000] {dag.py:3823} INFO - Setting next_dagrun for welcome_dag to 2024-02-02 23:00:00+00:00, run_after=2024-02-03 23:00:00+00:00
[2024-02-03T02:17:10.772+0000] {processor.py:183} INFO - Processing /opt/airflow/dags/welcome_dag.py took 0.122 seconds
[2024-02-03T02:17:41.021+0000] {processor.py:161} INFO - Started process (PID=191) to work on /opt/airflow/dags/welcome_dag.py
[2024-02-03T02:17:41.022+0000] {processor.py:830} INFO - Processing file /opt/airflow/dags/welcome_dag.py for tasks to queue
[2024-02-03T02:17:41.023+0000] {logging_mixin.py:188} INFO - [2024-02-03T02:17:41.023+0000] {dagbag.py:538} INFO - Filling up the DagBag from /opt/airflow/dags/welcome_dag.py
[2024-02-03T02:17:41.045+0000] {processor.py:840} INFO - DAG(s) 'welcome_dag' retrieved from /opt/airflow/dags/welcome_dag.py
[2024-02-03T02:17:41.075+0000] {logging_mixin.py:188} INFO - [2024-02-03T02:17:41.075+0000] {dag.py:3036} INFO - Sync 1 DAGs
[2024-02-03T02:17:41.109+0000] {logging_mixin.py:188} INFO - [2024-02-03T02:17:41.108+0000] {dag.py:3823} INFO - Setting next_dagrun for welcome_dag to 2024-02-02 23:00:00+00:00, run_after=2024-02-03 23:00:00+00:00
[2024-02-03T02:17:41.171+0000] {processor.py:183} INFO - Processing /opt/airflow/dags/welcome_dag.py took 0.151 seconds
[2024-02-03T02:18:11.354+0000] {processor.py:161} INFO - Started process (PID=192) to work on /opt/airflow/dags/welcome_dag.py
[2024-02-03T02:18:11.355+0000] {processor.py:830} INFO - Processing file /opt/airflow/dags/welcome_dag.py for tasks to queue
[2024-02-03T02:18:11.356+0000] {logging_mixin.py:188} INFO - [2024-02-03T02:18:11.356+0000] {dagbag.py:538} INFO - Filling up the DagBag from /opt/airflow/dags/welcome_dag.py
[2024-02-03T02:18:11.378+0000] {processor.py:840} INFO - DAG(s) 'welcome_dag' retrieved from /opt/airflow/dags/welcome_dag.py
[2024-02-03T02:18:11.402+0000] {logging_mixin.py:188} INFO - [2024-02-03T02:18:11.401+0000] {dag.py:3036} INFO - Sync 1 DAGs
[2024-02-03T02:18:11.422+0000] {logging_mixin.py:188} INFO - [2024-02-03T02:18:11.422+0000] {dag.py:3823} INFO - Setting next_dagrun for welcome_dag to 2024-02-02 23:00:00+00:00, run_after=2024-02-03 23:00:00+00:00
[2024-02-03T02:18:11.473+0000] {processor.py:183} INFO - Processing /opt/airflow/dags/welcome_dag.py took 0.120 seconds
